<?xml version="1.0" encoding="UTF-8"?>
<testng-results ignored="0" total="1" passed="1" failed="0" skipped="0">
  <reporter-output>
  </reporter-output>
  <suite started-at="2022-12-09T13:22:56 IST" name="update_category" finished-at="2022-12-09T13:23:50 IST" duration-ms="54599">
    <groups>
    </groups>
    <test started-at="2022-12-09T13:22:56 IST" name="Ecommerce_testcase" finished-at="2022-12-09T13:23:50 IST" duration-ms="54599">
      <class name="TestCase.Ecommerce_testcase">
        <test-method is-config="true" signature="beforeClass()[pri:0, instance:TestCase.Ecommerce_testcase@23941fb4]" started-at="2022-12-09T13:22:56 IST" name="beforeClass" finished-at="2022-12-09T13:22:56 IST" duration-ms="16" status="PASS">
          <reporter-output>
          </reporter-output>
        </test-method> <!-- beforeClass -->
        <test-method is-config="true" signature="setup(java.lang.String,java.lang.String)[pri:0, instance:TestCase.Ecommerce_testcase@23941fb4]" started-at="2022-12-09T13:22:56 IST" name="setup" finished-at="2022-12-09T13:23:16 IST" duration-ms="20191" status="PASS">
          <params>
            <param index="0">
              <value>
                <![CDATA[chrome]]>
              </value>
            </param>
            <param index="1">
              <value>
                <![CDATA[https://products.pisystindia.com/Ecommerce/admin]]>
              </value>
            </param>
          </params>
          <reporter-output>
          </reporter-output>
        </test-method> <!-- setup -->
        <test-method signature="test_validData()[pri:1, instance:TestCase.Ecommerce_testcase@23941fb4]" started-at="2022-12-09T13:23:16 IST" name="test_validData" finished-at="2022-12-09T13:23:50 IST" duration-ms="34001" status="PASS">
          <reporter-output>
          </reporter-output>
        </test-method> <!-- test_validData -->
        <test-method is-config="true" signature="tearDown()[pri:0, instance:TestCase.Ecommerce_testcase@23941fb4]" started-at="2022-12-09T13:23:50 IST" name="tearDown" finished-at="2022-12-09T13:23:50 IST" duration-ms="350" status="PASS">
          <reporter-output>
          </reporter-output>
        </test-method> <!-- tearDown -->
        <test-method is-config="true" signature="stopReport()[pri:0, instance:TestCase.Ecommerce_testcase@23941fb4]" started-at="2022-12-09T13:23:50 IST" name="stopReport" finished-at="2022-12-09T13:23:50 IST" duration-ms="2" status="PASS">
          <reporter-output>
          </reporter-output>
        </test-method> <!-- stopReport -->
      </class> <!-- TestCase.Ecommerce_testcase -->
    </test> <!-- Ecommerce_testcase -->
  </suite> <!-- update_category -->
</testng-results>
