<?xml version="1.0" encoding="UTF-8"?>
<testng-results ignored="0" total="2" passed="2" failed="0" skipped="0">
  <reporter-output>
  </reporter-output>
  <suite started-at="2022-12-09T14:55:10 IST" name="Default suite" finished-at="2022-12-09T14:55:16 IST" duration-ms="5898">
    <groups>
    </groups>
    <test started-at="2022-12-09T14:55:10 IST" name="Default test" finished-at="2022-12-09T14:55:16 IST" duration-ms="5898">
      <class name="TestCase.ApiTestCase_Post">
        <test-method is-config="true" signature="setSpecification()[pri:0, instance:TestCase.ApiTestCase_Post@55634720]" started-at="2022-12-09T14:55:10 IST" name="setSpecification" finished-at="2022-12-09T14:55:11 IST" duration-ms="1004" status="PASS">
          <reporter-output>
          </reporter-output>
        </test-method> <!-- setSpecification -->
        <test-method signature="loginuser()[pri:1, instance:TestCase.ApiTestCase_Post@55634720]" started-at="2022-12-09T14:55:11 IST" name="loginuser" finished-at="2022-12-09T14:55:13 IST" duration-ms="2587" status="PASS">
          <reporter-output>
          </reporter-output>
        </test-method> <!-- loginuser -->
        <test-method signature="loginuser_invalid()[pri:2, instance:TestCase.ApiTestCase_Post@55634720]" started-at="2022-12-09T14:55:13 IST" name="loginuser_invalid" finished-at="2022-12-09T14:55:16 IST" duration-ms="2263" status="PASS">
          <reporter-output>
          </reporter-output>
        </test-method> <!-- loginuser_invalid -->
      </class> <!-- TestCase.ApiTestCase_Post -->
    </test> <!-- Default test -->
  </suite> <!-- Default suite -->
</testng-results>
